2023-05-14 20:41:22.346  INFO 22900 --- [background-preinit] o.h.validator.internal.util.Version      : HV000001: Hibernate Validator 6.2.5.Final
2023-05-14 20:41:22.347  INFO 22900 --- [main] com.example.demo.DemoApplication         : Starting DemoApplication using Java 17.0.6 on DESKTOP-C75J6RI with PID 22900 (F:\code\rate_limiter\target\classes started by d in F:\code\rate_limiter)
2023-05-14 20:41:22.347  INFO 22900 --- [main] com.example.demo.DemoApplication         : The following 2 profiles are active: "db", "redis"
2023-05-14 20:41:23.279  INFO 22900 --- [main] .s.d.r.c.RepositoryConfigurationDelegate : Multiple Spring Data modules found, entering strict repository configuration mode
2023-05-14 20:41:23.282  INFO 22900 --- [main] .s.d.r.c.RepositoryConfigurationDelegate : Bootstrapping Spring Data Redis repositories in DEFAULT mode.
2023-05-14 20:41:23.328  INFO 22900 --- [main] .s.d.r.c.RepositoryConfigurationDelegate : Finished Spring Data repository scanning in 9 ms. Found 0 Redis repository interfaces.
2023-05-14 20:41:24.367  INFO 22900 --- [main] o.s.b.w.embedded.tomcat.TomcatWebServer  : Tomcat initialized with port(s): 8099 (https)
2023-05-14 20:41:24.375  INFO 22900 --- [main] o.a.coyote.http11.Http11NioProtocol      : Initializing ProtocolHandler ["https-jsse-nio-8099"]
2023-05-14 20:41:24.376  INFO 22900 --- [main] o.apache.catalina.core.StandardService   : Starting service [Tomcat]
2023-05-14 20:41:24.376  INFO 22900 --- [main] org.apache.catalina.core.StandardEngine  : Starting Servlet engine: [Apache Tomcat/9.0.73]
2023-05-14 20:41:24.483  INFO 22900 --- [main] o.a.c.c.C.[Tomcat].[localhost].[/]       : Initializing Spring embedded WebApplicationContext
2023-05-14 20:41:24.483  INFO 22900 --- [main] w.s.c.ServletWebServerApplicationContext : Root WebApplicationContext: initialization completed in 2064 ms
2023-05-14 20:41:25.666  INFO 22900 --- [main] o.a.coyote.http11.Http11NioProtocol      : Starting ProtocolHandler ["https-jsse-nio-8099"]
2023-05-14 20:41:26.096  INFO 22900 --- [main] o.a.t.util.net.NioEndpoint.certificate   : Connector [https-jsse-nio-8099], TLS virtual host [_default_], certificate type [UNDEFINED] configured from [file:/F:/code/rate_limiter/target/classes/server.keystore] using alias [tomcat] and with trust store [null]
2023-05-14 20:41:26.121  INFO 22900 --- [main] o.s.b.w.embedded.tomcat.TomcatWebServer  : Tomcat started on port(s): 8099 (https) with context path ''
2023-05-14 20:41:26.145  INFO 22900 --- [main] com.example.demo.DemoApplication         : Started DemoApplication in 4.393 seconds (JVM running for 5.085)
2023-05-14 20:42:08.268  INFO 21008 --- [background-preinit] o.h.validator.internal.util.Version      : HV000001: Hibernate Validator 6.2.5.Final
2023-05-14 20:42:08.282  INFO 21008 --- [main] com.example.demo.DemoApplication         : Starting DemoApplication using Java 17.0.6 on DESKTOP-C75J6RI with PID 21008 (F:\code\rate_limiter\target\classes started by d in F:\code\rate_limiter)
2023-05-14 20:42:08.282  INFO 21008 --- [main] com.example.demo.DemoApplication         : The following 2 profiles are active: "db", "redis"
2023-05-14 20:42:08.695  INFO 21008 --- [main] .s.d.r.c.RepositoryConfigurationDelegate : Multiple Spring Data modules found, entering strict repository configuration mode
2023-05-14 20:42:08.697  INFO 21008 --- [main] .s.d.r.c.RepositoryConfigurationDelegate : Bootstrapping Spring Data Redis repositories in DEFAULT mode.
2023-05-14 20:42:08.721  INFO 21008 --- [main] .s.d.r.c.RepositoryConfigurationDelegate : Finished Spring Data repository scanning in 13 ms. Found 0 Redis repository interfaces.
2023-05-14 20:42:09.224  INFO 21008 --- [main] o.s.b.w.embedded.tomcat.TomcatWebServer  : Tomcat initialized with port(s): 8099 (https)
2023-05-14 20:42:09.230  INFO 21008 --- [main] o.a.coyote.http11.Http11NioProtocol      : Initializing ProtocolHandler ["https-jsse-nio-8099"]
2023-05-14 20:42:09.231  INFO 21008 --- [main] o.apache.catalina.core.StandardService   : Starting service [Tomcat]
2023-05-14 20:42:09.231  INFO 21008 --- [main] org.apache.catalina.core.StandardEngine  : Starting Servlet engine: [Apache Tomcat/9.0.73]
2023-05-14 20:42:09.298  INFO 21008 --- [main] o.a.c.c.C.[Tomcat].[localhost].[/]       : Initializing Spring embedded WebApplicationContext
2023-05-14 20:42:09.299  INFO 21008 --- [main] w.s.c.ServletWebServerApplicationContext : Root WebApplicationContext: initialization completed in 980 ms
2023-05-14 20:42:09.979  INFO 21008 --- [main] o.a.coyote.http11.Http11NioProtocol      : Starting ProtocolHandler ["https-jsse-nio-8099"]
2023-05-14 20:42:10.173  INFO 21008 --- [main] o.a.t.util.net.NioEndpoint.certificate   : Connector [https-jsse-nio-8099], TLS virtual host [_default_], certificate type [UNDEFINED] configured from [file:/F:/code/rate_limiter/target/classes/server.keystore] using alias [tomcat] and with trust store [null]
2023-05-14 20:42:10.186  INFO 21008 --- [main] o.s.b.w.embedded.tomcat.TomcatWebServer  : Tomcat started on port(s): 8099 (https) with context path ''
2023-05-14 20:42:10.195  INFO 21008 --- [main] com.example.demo.DemoApplication         : Started DemoApplication in 2.25 seconds (JVM running for 2.69)
2023-05-14 20:42:30.030  INFO 21008 --- [https-jsse-nio-8099-exec-3] o.a.c.c.C.[Tomcat].[localhost].[/]       : Initializing Spring DispatcherServlet 'dispatcherServlet'
2023-05-14 20:42:30.030  INFO 21008 --- [https-jsse-nio-8099-exec-3] o.s.web.servlet.DispatcherServlet        : Initializing Servlet 'dispatcherServlet'
2023-05-14 20:42:30.031  INFO 21008 --- [https-jsse-nio-8099-exec-3] o.s.web.servlet.DispatcherServlet        : Completed initialization in 1 ms
2023-05-14 20:42:30.034  INFO 21008 --- [https-jsse-nio-8099-exec-3] com.example.demo.config.CorsFilter       : GET --> https://localhost:8099/account/s
2023-05-14 20:42:30.081 ERROR 21008 --- [https-jsse-nio-8099-exec-3] c.e.demo.config.GlobalExceptionHandler   : TODO:兜底处理---Handler dispatch failed; nested exception is java.lang.NoClassDefFoundError: javax/xml/bind/DatatypeConverter

org.springframework.web.util.NestedServletException: Handler dispatch failed; nested exception is java.lang.NoClassDefFoundError: javax/xml/bind/DatatypeConverter
	at org.springframework.web.servlet.DispatcherServlet.doDispatch(DispatcherServlet.java:1087)
	at org.springframework.web.servlet.DispatcherServlet.doService(DispatcherServlet.java:965)
	at org.springframework.web.servlet.FrameworkServlet.processRequest(FrameworkServlet.java:1006)
	at org.springframework.web.servlet.FrameworkServlet.doGet(FrameworkServlet.java:898)
	at javax.servlet.http.HttpServlet.service(HttpServlet.java:502)
	at org.springframework.web.servlet.FrameworkServlet.service(FrameworkServlet.java:883)
	at javax.servlet.http.HttpServlet.service(HttpServlet.java:596)
	at org.apache.catalina.core.ApplicationFilterChain.internalDoFilter(ApplicationFilterChain.java:209)
	at org.apache.catalina.core.ApplicationFilterChain.doFilter(ApplicationFilterChain.java:153)
	at org.apache.tomcat.websocket.server.WsFilter.doFilter(WsFilter.java:53)
	at org.apache.catalina.core.ApplicationFilterChain.internalDoFilter(ApplicationFilterChain.java:178)
	at org.apache.catalina.core.ApplicationFilterChain.doFilter(ApplicationFilterChain.java:153)
	at com.example.demo.config.CorsFilter.doFilter(CorsFilter.java:30)
	at org.apache.catalina.core.ApplicationFilterChain.internalDoFilter(ApplicationFilterChain.java:178)
	at org.apache.catalina.core.ApplicationFilterChain.doFilter(ApplicationFilterChain.java:153)
	at org.springframework.web.filter.CharacterEncodingFilter.doFilterInternal(CharacterEncodingFilter.java:201)
	at org.springframework.web.filter.OncePerRequestFilter.doFilter(OncePerRequestFilter.java:117)
	at org.apache.catalina.core.ApplicationFilterChain.internalDoFilter(ApplicationFilterChain.java:178)
	at org.apache.catalina.core.ApplicationFilterChain.doFilter(ApplicationFilterChain.java:153)
	at org.apache.catalina.core.StandardWrapperValve.invoke(StandardWrapperValve.java:167)
	at org.apache.catalina.core.StandardContextValve.invoke(StandardContextValve.java:90)
	at org.apache.catalina.authenticator.AuthenticatorBase.invoke(AuthenticatorBase.java:492)
	at org.apache.catalina.core.StandardHostValve.invoke(StandardHostValve.java:130)
	at org.apache.catalina.valves.ErrorReportValve.invoke(ErrorReportValve.java:93)
	at org.apache.catalina.core.StandardEngineValve.invoke(StandardEngineValve.java:74)
	at org.apache.catalina.connector.CoyoteAdapter.service(CoyoteAdapter.java:343)
	at org.apache.coyote.http11.Http11Processor.service(Http11Processor.java:389)
	at org.apache.coyote.AbstractProcessorLight.process(AbstractProcessorLight.java:63)
	at org.apache.coyote.AbstractProtocol$ConnectionHandler.process(AbstractProtocol.java:926)
	at org.apache.tomcat.util.net.NioEndpoint$SocketProcessor.doRun(NioEndpoint.java:1791)
	at org.apache.tomcat.util.net.SocketProcessorBase.run(SocketProcessorBase.java:49)
	at org.apache.tomcat.util.threads.ThreadPoolExecutor.runWorker(ThreadPoolExecutor.java:1191)
	at org.apache.tomcat.util.threads.ThreadPoolExecutor$Worker.run(ThreadPoolExecutor.java:659)
	at org.apache.tomcat.util.threads.TaskThread$WrappingRunnable.run(TaskThread.java:61)
	at java.base/java.lang.Thread.run(Thread.java:833)
Caused by: java.lang.NoClassDefFoundError: javax/xml/bind/DatatypeConverter
	at io.jsonwebtoken.impl.Base64Codec.decode(Base64Codec.java:26)
	at io.jsonwebtoken.impl.DefaultJwtParser.setSigningKey(DefaultJwtParser.java:151)
	at com.example.demo.infrastructure.tool.TokenTool.verifyToken(TokenTool.java:42)
	at com.example.demo.config.interceptor.TokenInterceptor.verifyToken(TokenInterceptor.java:27)
	at com.example.demo.config.interceptor.TokenInterceptor.preHandle(TokenInterceptor.java:22)
	at org.springframework.web.servlet.HandlerExecutionChain.applyPreHandle(HandlerExecutionChain.java:148)
	at org.springframework.web.servlet.DispatcherServlet.doDispatch(DispatcherServlet.java:1067)
	... 34 common frames omitted
Caused by: java.lang.ClassNotFoundException: javax.xml.bind.DatatypeConverter
	at java.base/jdk.internal.loader.BuiltinClassLoader.loadClass(BuiltinClassLoader.java:641)
	at java.base/jdk.internal.loader.ClassLoaders$AppClassLoader.loadClass(ClassLoaders.java:188)
	at java.base/java.lang.ClassLoader.loadClass(ClassLoader.java:520)
	... 41 common frames omitted

2023-05-14 20:43:14.770  INFO 20988 --- [background-preinit] o.h.validator.internal.util.Version      : HV000001: Hibernate Validator 6.2.5.Final
2023-05-14 20:43:14.788  INFO 20988 --- [main] com.example.demo.DemoApplication         : Starting DemoApplication using Java 17.0.6 on DESKTOP-C75J6RI with PID 20988 (F:\code\rate_limiter\target\classes started by d in F:\code\rate_limiter)
2023-05-14 20:43:14.788  INFO 20988 --- [main] com.example.demo.DemoApplication         : The following 2 profiles are active: "db", "redis"
2023-05-14 20:43:15.210  INFO 20988 --- [main] .s.d.r.c.RepositoryConfigurationDelegate : Multiple Spring Data modules found, entering strict repository configuration mode
2023-05-14 20:43:15.212  INFO 20988 --- [main] .s.d.r.c.RepositoryConfigurationDelegate : Bootstrapping Spring Data Redis repositories in DEFAULT mode.
2023-05-14 20:43:15.234  INFO 20988 --- [main] .s.d.r.c.RepositoryConfigurationDelegate : Finished Spring Data repository scanning in 8 ms. Found 0 Redis repository interfaces.
2023-05-14 20:43:15.738  INFO 20988 --- [main] o.s.b.w.embedded.tomcat.TomcatWebServer  : Tomcat initialized with port(s): 8099 (https)
2023-05-14 20:43:15.745  INFO 20988 --- [main] o.a.coyote.http11.Http11NioProtocol      : Initializing ProtocolHandler ["https-jsse-nio-8099"]
2023-05-14 20:43:15.745  INFO 20988 --- [main] o.apache.catalina.core.StandardService   : Starting service [Tomcat]
2023-05-14 20:43:15.745  INFO 20988 --- [main] org.apache.catalina.core.StandardEngine  : Starting Servlet engine: [Apache Tomcat/9.0.73]
2023-05-14 20:43:15.816  INFO 20988 --- [main] o.a.c.c.C.[Tomcat].[localhost].[/]       : Initializing Spring embedded WebApplicationContext
2023-05-14 20:43:15.816  INFO 20988 --- [main] w.s.c.ServletWebServerApplicationContext : Root WebApplicationContext: initialization completed in 993 ms
2023-05-14 20:43:16.514  INFO 20988 --- [main] o.a.coyote.http11.Http11NioProtocol      : Starting ProtocolHandler ["https-jsse-nio-8099"]
2023-05-14 20:43:16.714  INFO 20988 --- [main] o.a.t.util.net.NioEndpoint.certificate   : Connector [https-jsse-nio-8099], TLS virtual host [_default_], certificate type [UNDEFINED] configured from [file:/F:/code/rate_limiter/target/classes/server.keystore] using alias [tomcat] and with trust store [null]
2023-05-14 20:43:16.726  INFO 20988 --- [main] o.s.b.w.embedded.tomcat.TomcatWebServer  : Tomcat started on port(s): 8099 (https) with context path ''
2023-05-14 20:43:16.734  INFO 20988 --- [main] com.example.demo.DemoApplication         : Started DemoApplication in 2.308 seconds (JVM running for 2.738)
2023-05-14 20:43:17.264  INFO 20988 --- [https-jsse-nio-8099-exec-3] o.a.c.c.C.[Tomcat].[localhost].[/]       : Initializing Spring DispatcherServlet 'dispatcherServlet'
2023-05-14 20:43:17.264  INFO 20988 --- [https-jsse-nio-8099-exec-3] o.s.web.servlet.DispatcherServlet        : Initializing Servlet 'dispatcherServlet'
2023-05-14 20:43:17.265  INFO 20988 --- [https-jsse-nio-8099-exec-3] o.s.web.servlet.DispatcherServlet        : Completed initialization in 1 ms
2023-05-14 20:43:17.268  INFO 20988 --- [https-jsse-nio-8099-exec-3] com.example.demo.config.CorsFilter       : GET --> https://localhost:8099/account/s
2023-05-14 20:43:17.288 ERROR 20988 --- [https-jsse-nio-8099-exec-3] c.e.demo.config.GlobalExceptionHandler   : TODO:兜底处理---Handler dispatch failed; nested exception is java.lang.NoClassDefFoundError: javax/xml/bind/DatatypeConverter

org.springframework.web.util.NestedServletException: Handler dispatch failed; nested exception is java.lang.NoClassDefFoundError: javax/xml/bind/DatatypeConverter
	at org.springframework.web.servlet.DispatcherServlet.doDispatch(DispatcherServlet.java:1087)
	at org.springframework.web.servlet.DispatcherServlet.doService(DispatcherServlet.java:965)
	at org.springframework.web.servlet.FrameworkServlet.processRequest(FrameworkServlet.java:1006)
	at org.springframework.web.servlet.FrameworkServlet.doGet(FrameworkServlet.java:898)
	at javax.servlet.http.HttpServlet.service(HttpServlet.java:502)
	at org.springframework.web.servlet.FrameworkServlet.service(FrameworkServlet.java:883)
	at javax.servlet.http.HttpServlet.service(HttpServlet.java:596)
	at org.apache.catalina.core.ApplicationFilterChain.internalDoFilter(ApplicationFilterChain.java:209)
	at org.apache.catalina.core.ApplicationFilterChain.doFilter(ApplicationFilterChain.java:153)
	at org.apache.tomcat.websocket.server.WsFilter.doFilter(WsFilter.java:53)
	at org.apache.catalina.core.ApplicationFilterChain.internalDoFilter(ApplicationFilterChain.java:178)
	at org.apache.catalina.core.ApplicationFilterChain.doFilter(ApplicationFilterChain.java:153)
	at com.example.demo.config.CorsFilter.doFilter(CorsFilter.java:30)
	at org.apache.catalina.core.ApplicationFilterChain.internalDoFilter(ApplicationFilterChain.java:178)
	at org.apache.catalina.core.ApplicationFilterChain.doFilter(ApplicationFilterChain.java:153)
	at org.springframework.web.filter.CharacterEncodingFilter.doFilterInternal(CharacterEncodingFilter.java:201)
	at org.springframework.web.filter.OncePerRequestFilter.doFilter(OncePerRequestFilter.java:117)
	at org.apache.catalina.core.ApplicationFilterChain.internalDoFilter(ApplicationFilterChain.java:178)
	at org.apache.catalina.core.ApplicationFilterChain.doFilter(ApplicationFilterChain.java:153)
	at org.apache.catalina.core.StandardWrapperValve.invoke(StandardWrapperValve.java:167)
	at org.apache.catalina.core.StandardContextValve.invoke(StandardContextValve.java:90)
	at org.apache.catalina.authenticator.AuthenticatorBase.invoke(AuthenticatorBase.java:492)
	at org.apache.catalina.core.StandardHostValve.invoke(StandardHostValve.java:130)
	at org.apache.catalina.valves.ErrorReportValve.invoke(ErrorReportValve.java:93)
	at org.apache.catalina.core.StandardEngineValve.invoke(StandardEngineValve.java:74)
	at org.apache.catalina.connector.CoyoteAdapter.service(CoyoteAdapter.java:343)
	at org.apache.coyote.http11.Http11Processor.service(Http11Processor.java:389)
	at org.apache.coyote.AbstractProcessorLight.process(AbstractProcessorLight.java:63)
	at org.apache.coyote.AbstractProtocol$ConnectionHandler.process(AbstractProtocol.java:926)
	at org.apache.tomcat.util.net.NioEndpoint$SocketProcessor.doRun(NioEndpoint.java:1791)
	at org.apache.tomcat.util.net.SocketProcessorBase.run(SocketProcessorBase.java:49)
	at org.apache.tomcat.util.threads.ThreadPoolExecutor.runWorker(ThreadPoolExecutor.java:1191)
	at org.apache.tomcat.util.threads.ThreadPoolExecutor$Worker.run(ThreadPoolExecutor.java:659)
	at org.apache.tomcat.util.threads.TaskThread$WrappingRunnable.run(TaskThread.java:61)
	at java.base/java.lang.Thread.run(Thread.java:833)
Caused by: java.lang.NoClassDefFoundError: javax/xml/bind/DatatypeConverter
	at io.jsonwebtoken.impl.Base64Codec.decode(Base64Codec.java:26)
	at io.jsonwebtoken.impl.DefaultJwtParser.setSigningKey(DefaultJwtParser.java:151)
	at com.example.demo.infrastructure.tool.TokenTool.verifyToken(TokenTool.java:42)
	at com.example.demo.config.interceptor.TokenInterceptor.verifyToken(TokenInterceptor.java:27)
	at com.example.demo.config.interceptor.TokenInterceptor.preHandle(TokenInterceptor.java:22)
	at org.springframework.web.servlet.HandlerExecutionChain.applyPreHandle(HandlerExecutionChain.java:148)
	at org.springframework.web.servlet.DispatcherServlet.doDispatch(DispatcherServlet.java:1067)
	... 34 common frames omitted
Caused by: java.lang.ClassNotFoundException: javax.xml.bind.DatatypeConverter
	at java.base/jdk.internal.loader.BuiltinClassLoader.loadClass(BuiltinClassLoader.java:641)
	at java.base/jdk.internal.loader.ClassLoaders$AppClassLoader.loadClass(ClassLoaders.java:188)
	at java.base/java.lang.ClassLoader.loadClass(ClassLoader.java:520)
	... 41 common frames omitted

2023-05-14 20:43:18.320  INFO 20988 --- [https-jsse-nio-8099-exec-5] com.example.demo.config.CorsFilter       : GET --> https://localhost:8099/account/s
2023-05-14 20:43:18.320 ERROR 20988 --- [https-jsse-nio-8099-exec-5] c.e.demo.config.GlobalExceptionHandler   : TODO:兜底处理---Handler dispatch failed; nested exception is java.lang.NoClassDefFoundError: javax/xml/bind/DatatypeConverter

org.springframework.web.util.NestedServletException: Handler dispatch failed; nested exception is java.lang.NoClassDefFoundError: javax/xml/bind/DatatypeConverter
	at org.springframework.web.servlet.DispatcherServlet.doDispatch(DispatcherServlet.java:1087)
	at org.springframework.web.servlet.DispatcherServlet.doService(DispatcherServlet.java:965)
	at org.springframework.web.servlet.FrameworkServlet.processRequest(FrameworkServlet.java:1006)
	at org.springframework.web.servlet.FrameworkServlet.doGet(FrameworkServlet.java:898)
	at javax.servlet.http.HttpServlet.service(HttpServlet.java:502)
	at org.springframework.web.servlet.FrameworkServlet.service(FrameworkServlet.java:883)
	at javax.servlet.http.HttpServlet.service(HttpServlet.java:596)
	at org.apache.catalina.core.ApplicationFilterChain.internalDoFilter(ApplicationFilterChain.java:209)
	at org.apache.catalina.core.ApplicationFilterChain.doFilter(ApplicationFilterChain.java:153)
	at org.apache.tomcat.websocket.server.WsFilter.doFilter(WsFilter.java:53)
	at org.apache.catalina.core.ApplicationFilterChain.internalDoFilter(ApplicationFilterChain.java:178)
	at org.apache.catalina.core.ApplicationFilterChain.doFilter(ApplicationFilterChain.java:153)
	at com.example.demo.config.CorsFilter.doFilter(CorsFilter.java:30)
	at org.apache.catalina.core.ApplicationFilterChain.internalDoFilter(ApplicationFilterChain.java:178)
	at org.apache.catalina.core.ApplicationFilterChain.doFilter(ApplicationFilterChain.java:153)
	at org.springframework.web.filter.CharacterEncodingFilter.doFilterInternal(CharacterEncodingFilter.java:201)
	at org.springframework.web.filter.OncePerRequestFilter.doFilter(OncePerRequestFilter.java:117)
	at org.apache.catalina.core.ApplicationFilterChain.internalDoFilter(ApplicationFilterChain.java:178)
	at org.apache.catalina.core.ApplicationFilterChain.doFilter(ApplicationFilterChain.java:153)
	at org.apache.catalina.core.StandardWrapperValve.invoke(StandardWrapperValve.java:167)
	at org.apache.catalina.core.StandardContextValve.invoke(StandardContextValve.java:90)
	at org.apache.catalina.authenticator.AuthenticatorBase.invoke(AuthenticatorBase.java:492)
	at org.apache.catalina.core.StandardHostValve.invoke(StandardHostValve.java:130)
	at org.apache.catalina.valves.ErrorReportValve.invoke(ErrorReportValve.java:93)
	at org.apache.catalina.core.StandardEngineValve.invoke(StandardEngineValve.java:74)
	at org.apache.catalina.connector.CoyoteAdapter.service(CoyoteAdapter.java:343)
	at org.apache.coyote.http11.Http11Processor.service(Http11Processor.java:389)
	at org.apache.coyote.AbstractProcessorLight.process(AbstractProcessorLight.java:63)
	at org.apache.coyote.AbstractProtocol$ConnectionHandler.process(AbstractProtocol.java:926)
	at org.apache.tomcat.util.net.NioEndpoint$SocketProcessor.doRun(NioEndpoint.java:1791)
	at org.apache.tomcat.util.net.SocketProcessorBase.run(SocketProcessorBase.java:49)
	at org.apache.tomcat.util.threads.ThreadPoolExecutor.runWorker(ThreadPoolExecutor.java:1191)
	at org.apache.tomcat.util.threads.ThreadPoolExecutor$Worker.run(ThreadPoolExecutor.java:659)
	at org.apache.tomcat.util.threads.TaskThread$WrappingRunnable.run(TaskThread.java:61)
	at java.base/java.lang.Thread.run(Thread.java:833)
Caused by: java.lang.NoClassDefFoundError: javax/xml/bind/DatatypeConverter
	at io.jsonwebtoken.impl.Base64Codec.decode(Base64Codec.java:26)
	at io.jsonwebtoken.impl.DefaultJwtParser.setSigningKey(DefaultJwtParser.java:151)
	at com.example.demo.infrastructure.tool.TokenTool.verifyToken(TokenTool.java:42)
	at com.example.demo.config.interceptor.TokenInterceptor.verifyToken(TokenInterceptor.java:27)
	at com.example.demo.config.interceptor.TokenInterceptor.preHandle(TokenInterceptor.java:22)
	at org.springframework.web.servlet.HandlerExecutionChain.applyPreHandle(HandlerExecutionChain.java:148)
	at org.springframework.web.servlet.DispatcherServlet.doDispatch(DispatcherServlet.java:1067)
	... 34 common frames omitted
Caused by: java.lang.ClassNotFoundException: javax.xml.bind.DatatypeConverter
	... 41 common frames omitted

2023-05-14 20:43:35.910  INFO 19432 --- [background-preinit] o.h.validator.internal.util.Version      : HV000001: Hibernate Validator 6.2.5.Final
2023-05-14 20:43:35.922  INFO 19432 --- [main] com.example.demo.DemoApplication         : Starting DemoApplication using Java 17.0.6 on DESKTOP-C75J6RI with PID 19432 (F:\code\rate_limiter\target\classes started by d in F:\code\rate_limiter)
2023-05-14 20:43:35.923  INFO 19432 --- [main] com.example.demo.DemoApplication         : The following 2 profiles are active: "db", "redis"
2023-05-14 20:43:36.348  INFO 19432 --- [main] .s.d.r.c.RepositoryConfigurationDelegate : Multiple Spring Data modules found, entering strict repository configuration mode
2023-05-14 20:43:36.350  INFO 19432 --- [main] .s.d.r.c.RepositoryConfigurationDelegate : Bootstrapping Spring Data Redis repositories in DEFAULT mode.
2023-05-14 20:43:36.373  INFO 19432 --- [main] .s.d.r.c.RepositoryConfigurationDelegate : Finished Spring Data repository scanning in 13 ms. Found 0 Redis repository interfaces.
2023-05-14 20:43:36.867  INFO 19432 --- [main] o.s.b.w.embedded.tomcat.TomcatWebServer  : Tomcat initialized with port(s): 8099 (https)
2023-05-14 20:43:36.874  INFO 19432 --- [main] o.a.coyote.http11.Http11NioProtocol      : Initializing ProtocolHandler ["https-jsse-nio-8099"]
2023-05-14 20:43:36.874  INFO 19432 --- [main] o.apache.catalina.core.StandardService   : Starting service [Tomcat]
2023-05-14 20:43:36.875  INFO 19432 --- [main] org.apache.catalina.core.StandardEngine  : Starting Servlet engine: [Apache Tomcat/9.0.73]
2023-05-14 20:43:36.941  INFO 19432 --- [main] o.a.c.c.C.[Tomcat].[localhost].[/]       : Initializing Spring embedded WebApplicationContext
2023-05-14 20:43:36.941  INFO 19432 --- [main] w.s.c.ServletWebServerApplicationContext : Root WebApplicationContext: initialization completed in 980 ms
2023-05-14 20:43:37.633  INFO 19432 --- [main] o.a.coyote.http11.Http11NioProtocol      : Starting ProtocolHandler ["https-jsse-nio-8099"]
2023-05-14 20:43:37.830  INFO 19432 --- [main] o.a.t.util.net.NioEndpoint.certificate   : Connector [https-jsse-nio-8099], TLS virtual host [_default_], certificate type [UNDEFINED] configured from [file:/F:/code/rate_limiter/target/classes/server.keystore] using alias [tomcat] and with trust store [null]
2023-05-14 20:43:37.844  INFO 19432 --- [main] o.s.b.w.embedded.tomcat.TomcatWebServer  : Tomcat started on port(s): 8099 (https) with context path ''
2023-05-14 20:43:37.853  INFO 19432 --- [main] com.example.demo.DemoApplication         : Started DemoApplication in 2.263 seconds (JVM running for 2.688)
2023-05-14 20:43:38.452  INFO 19432 --- [https-jsse-nio-8099-exec-3] o.a.c.c.C.[Tomcat].[localhost].[/]       : Initializing Spring DispatcherServlet 'dispatcherServlet'
2023-05-14 20:43:38.453  INFO 19432 --- [https-jsse-nio-8099-exec-3] o.s.web.servlet.DispatcherServlet        : Initializing Servlet 'dispatcherServlet'
2023-05-14 20:43:38.453  INFO 19432 --- [https-jsse-nio-8099-exec-3] o.s.web.servlet.DispatcherServlet        : Completed initialization in 0 ms
2023-05-14 20:43:38.456  INFO 19432 --- [https-jsse-nio-8099-exec-3] com.example.demo.config.CorsFilter       : GET --> https://localhost:8099/account/s
2023-05-14 20:43:38.476 ERROR 19432 --- [https-jsse-nio-8099-exec-3] c.e.demo.config.GlobalExceptionHandler   : TODO:兜底处理---Handler dispatch failed; nested exception is java.lang.NoClassDefFoundError: javax/xml/bind/DatatypeConverter

org.springframework.web.util.NestedServletException: Handler dispatch failed; nested exception is java.lang.NoClassDefFoundError: javax/xml/bind/DatatypeConverter
	at org.springframework.web.servlet.DispatcherServlet.doDispatch(DispatcherServlet.java:1087)
	at org.springframework.web.servlet.DispatcherServlet.doService(DispatcherServlet.java:965)
	at org.springframework.web.servlet.FrameworkServlet.processRequest(FrameworkServlet.java:1006)
	at org.springframework.web.servlet.FrameworkServlet.doGet(FrameworkServlet.java:898)
	at javax.servlet.http.HttpServlet.service(HttpServlet.java:502)
	at org.springframework.web.servlet.FrameworkServlet.service(FrameworkServlet.java:883)
	at javax.servlet.http.HttpServlet.service(HttpServlet.java:596)
	at org.apache.catalina.core.ApplicationFilterChain.internalDoFilter(ApplicationFilterChain.java:209)
	at org.apache.catalina.core.ApplicationFilterChain.doFilter(ApplicationFilterChain.java:153)
	at org.apache.tomcat.websocket.server.WsFilter.doFilter(WsFilter.java:53)
	at org.apache.catalina.core.ApplicationFilterChain.internalDoFilter(ApplicationFilterChain.java:178)
	at org.apache.catalina.core.ApplicationFilterChain.doFilter(ApplicationFilterChain.java:153)
	at com.example.demo.config.CorsFilter.doFilter(CorsFilter.java:30)
	at org.apache.catalina.core.ApplicationFilterChain.internalDoFilter(ApplicationFilterChain.java:178)
	at org.apache.catalina.core.ApplicationFilterChain.doFilter(ApplicationFilterChain.java:153)
	at org.springframework.web.filter.CharacterEncodingFilter.doFilterInternal(CharacterEncodingFilter.java:201)
	at org.springframework.web.filter.OncePerRequestFilter.doFilter(OncePerRequestFilter.java:117)
	at org.apache.catalina.core.ApplicationFilterChain.internalDoFilter(ApplicationFilterChain.java:178)
	at org.apache.catalina.core.ApplicationFilterChain.doFilter(ApplicationFilterChain.java:153)
	at org.apache.catalina.core.StandardWrapperValve.invoke(StandardWrapperValve.java:167)
	at org.apache.catalina.core.StandardContextValve.invoke(StandardContextValve.java:90)
	at org.apache.catalina.authenticator.AuthenticatorBase.invoke(AuthenticatorBase.java:492)
	at org.apache.catalina.core.StandardHostValve.invoke(StandardHostValve.java:130)
	at org.apache.catalina.valves.ErrorReportValve.invoke(ErrorReportValve.java:93)
	at org.apache.catalina.core.StandardEngineValve.invoke(StandardEngineValve.java:74)
	at org.apache.catalina.connector.CoyoteAdapter.service(CoyoteAdapter.java:343)
	at org.apache.coyote.http11.Http11Processor.service(Http11Processor.java:389)
	at org.apache.coyote.AbstractProcessorLight.process(AbstractProcessorLight.java:63)
	at org.apache.coyote.AbstractProtocol$ConnectionHandler.process(AbstractProtocol.java:926)
	at org.apache.tomcat.util.net.NioEndpoint$SocketProcessor.doRun(NioEndpoint.java:1791)
	at org.apache.tomcat.util.net.SocketProcessorBase.run(SocketProcessorBase.java:49)
	at org.apache.tomcat.util.threads.ThreadPoolExecutor.runWorker(ThreadPoolExecutor.java:1191)
	at org.apache.tomcat.util.threads.ThreadPoolExecutor$Worker.run(ThreadPoolExecutor.java:659)
	at org.apache.tomcat.util.threads.TaskThread$WrappingRunnable.run(TaskThread.java:61)
	at java.base/java.lang.Thread.run(Thread.java:833)
Caused by: java.lang.NoClassDefFoundError: javax/xml/bind/DatatypeConverter
	at io.jsonwebtoken.impl.Base64Codec.decode(Base64Codec.java:26)
	at io.jsonwebtoken.impl.DefaultJwtParser.setSigningKey(DefaultJwtParser.java:151)
	at com.example.demo.infrastructure.tool.TokenTool.verifyToken(TokenTool.java:42)
	at com.example.demo.config.interceptor.TokenInterceptor.verifyToken(TokenInterceptor.java:27)
	at com.example.demo.config.interceptor.TokenInterceptor.preHandle(TokenInterceptor.java:22)
	at org.springframework.web.servlet.HandlerExecutionChain.applyPreHandle(HandlerExecutionChain.java:148)
	at org.springframework.web.servlet.DispatcherServlet.doDispatch(DispatcherServlet.java:1067)
	... 34 common frames omitted
Caused by: java.lang.ClassNotFoundException: javax.xml.bind.DatatypeConverter
	at java.base/jdk.internal.loader.BuiltinClassLoader.loadClass(BuiltinClassLoader.java:641)
	at java.base/jdk.internal.loader.ClassLoaders$AppClassLoader.loadClass(ClassLoaders.java:188)
	at java.base/java.lang.ClassLoader.loadClass(ClassLoader.java:520)
	... 41 common frames omitted

2023-05-14 20:43:56.541  INFO 5992 --- [background-preinit] o.h.validator.internal.util.Version      : HV000001: Hibernate Validator 6.2.5.Final
2023-05-14 20:43:56.561  INFO 5992 --- [main] com.example.demo.DemoApplication         : Starting DemoApplication using Java 17.0.6 on DESKTOP-C75J6RI with PID 5992 (F:\code\rate_limiter\target\classes started by d in F:\code\rate_limiter)
2023-05-14 20:43:56.562  INFO 5992 --- [main] com.example.demo.DemoApplication         : The following 2 profiles are active: "db", "redis"
2023-05-14 20:43:56.963  INFO 5992 --- [main] .s.d.r.c.RepositoryConfigurationDelegate : Multiple Spring Data modules found, entering strict repository configuration mode
2023-05-14 20:43:56.964  INFO 5992 --- [main] .s.d.r.c.RepositoryConfigurationDelegate : Bootstrapping Spring Data Redis repositories in DEFAULT mode.
2023-05-14 20:43:56.988  INFO 5992 --- [main] .s.d.r.c.RepositoryConfigurationDelegate : Finished Spring Data repository scanning in 13 ms. Found 0 Redis repository interfaces.
2023-05-14 20:43:57.491  INFO 5992 --- [main] o.s.b.w.embedded.tomcat.TomcatWebServer  : Tomcat initialized with port(s): 8099 (https)
2023-05-14 20:43:57.498  INFO 5992 --- [main] o.a.coyote.http11.Http11NioProtocol      : Initializing ProtocolHandler ["https-jsse-nio-8099"]
2023-05-14 20:43:57.498  INFO 5992 --- [main] o.apache.catalina.core.StandardService   : Starting service [Tomcat]
2023-05-14 20:43:57.498  INFO 5992 --- [main] org.apache.catalina.core.StandardEngine  : Starting Servlet engine: [Apache Tomcat/9.0.73]
2023-05-14 20:43:57.565  INFO 5992 --- [main] o.a.c.c.C.[Tomcat].[localhost].[/]       : Initializing Spring embedded WebApplicationContext
2023-05-14 20:43:57.565  INFO 5992 --- [main] w.s.c.ServletWebServerApplicationContext : Root WebApplicationContext: initialization completed in 967 ms
2023-05-14 20:43:58.238  INFO 5992 --- [main] o.a.coyote.http11.Http11NioProtocol      : Starting ProtocolHandler ["https-jsse-nio-8099"]
2023-05-14 20:43:58.433  INFO 5992 --- [main] o.a.t.util.net.NioEndpoint.certificate   : Connector [https-jsse-nio-8099], TLS virtual host [_default_], certificate type [UNDEFINED] configured from [file:/F:/code/rate_limiter/target/classes/server.keystore] using alias [tomcat] and with trust store [null]
2023-05-14 20:43:58.447  INFO 5992 --- [main] o.s.b.w.embedded.tomcat.TomcatWebServer  : Tomcat started on port(s): 8099 (https) with context path ''
2023-05-14 20:43:58.455  INFO 5992 --- [main] com.example.demo.DemoApplication         : Started DemoApplication in 2.246 seconds (JVM running for 2.692)
2023-05-14 20:44:00.137  INFO 5992 --- [https-jsse-nio-8099-exec-4] o.a.c.c.C.[Tomcat].[localhost].[/]       : Initializing Spring DispatcherServlet 'dispatcherServlet'
2023-05-14 20:44:00.137  INFO 5992 --- [https-jsse-nio-8099-exec-4] o.s.web.servlet.DispatcherServlet        : Initializing Servlet 'dispatcherServlet'
2023-05-14 20:44:00.138  INFO 5992 --- [https-jsse-nio-8099-exec-4] o.s.web.servlet.DispatcherServlet        : Completed initialization in 1 ms
2023-05-14 20:44:00.141  INFO 5992 --- [https-jsse-nio-8099-exec-4] com.example.demo.config.CorsFilter       : GET --> https://localhost:8099/account/s
2023-05-14 20:44:00.354  INFO 5992 --- [https-jsse-nio-8099-exec-3] com.example.demo.config.CorsFilter       : GET --> https://localhost:8099/favicon.ico
2023-05-14 20:44:00.355  WARN 5992 --- [https-jsse-nio-8099-exec-3] o.s.web.servlet.PageNotFound             : No mapping for GET /favicon.ico
2023-05-14 20:44:12.405  INFO 5992 --- [https-jsse-nio-8099-exec-9] com.example.demo.config.CorsFilter       : GET --> https://localhost:8099/account/s
2023-05-14 20:44:24.982  INFO 5992 --- [https-jsse-nio-8099-exec-9] com.example.demo.config.CorsFilter       : GET --> https://localhost:8099/account/s
2023-05-14 20:45:02.604  INFO 4476 --- [background-preinit] o.h.validator.internal.util.Version      : HV000001: Hibernate Validator 6.2.5.Final
2023-05-14 20:45:02.617  INFO 4476 --- [main] com.example.demo.DemoApplication         : Starting DemoApplication using Java 17.0.6 on DESKTOP-C75J6RI with PID 4476 (F:\code\rate_limiter\target\classes started by d in F:\code\rate_limiter)
2023-05-14 20:45:02.617  INFO 4476 --- [main] com.example.demo.DemoApplication         : The following 2 profiles are active: "db", "redis"
2023-05-14 20:45:03.017  INFO 4476 --- [main] .s.d.r.c.RepositoryConfigurationDelegate : Multiple Spring Data modules found, entering strict repository configuration mode
2023-05-14 20:45:03.018  INFO 4476 --- [main] .s.d.r.c.RepositoryConfigurationDelegate : Bootstrapping Spring Data Redis repositories in DEFAULT mode.
2023-05-14 20:45:03.042  INFO 4476 --- [main] .s.d.r.c.RepositoryConfigurationDelegate : Finished Spring Data repository scanning in 13 ms. Found 0 Redis repository interfaces.
2023-05-14 20:45:03.538  INFO 4476 --- [main] o.s.b.w.embedded.tomcat.TomcatWebServer  : Tomcat initialized with port(s): 8099 (https)
2023-05-14 20:45:03.544  INFO 4476 --- [main] o.a.coyote.http11.Http11NioProtocol      : Initializing ProtocolHandler ["https-jsse-nio-8099"]
2023-05-14 20:45:03.544  INFO 4476 --- [main] o.apache.catalina.core.StandardService   : Starting service [Tomcat]
2023-05-14 20:45:03.545  INFO 4476 --- [main] org.apache.catalina.core.StandardEngine  : Starting Servlet engine: [Apache Tomcat/9.0.73]
2023-05-14 20:45:03.610  INFO 4476 --- [main] o.a.c.c.C.[Tomcat].[localhost].[/]       : Initializing Spring embedded WebApplicationContext
2023-05-14 20:45:03.610  INFO 4476 --- [main] w.s.c.ServletWebServerApplicationContext : Root WebApplicationContext: initialization completed in 960 ms
2023-05-14 20:45:04.280  INFO 4476 --- [main] o.a.coyote.http11.Http11NioProtocol      : Starting ProtocolHandler ["https-jsse-nio-8099"]
2023-05-14 20:45:04.472  INFO 4476 --- [main] o.a.t.util.net.NioEndpoint.certificate   : Connector [https-jsse-nio-8099], TLS virtual host [_default_], certificate type [UNDEFINED] configured from [file:/F:/code/rate_limiter/target/classes/server.keystore] using alias [tomcat] and with trust store [null]
2023-05-14 20:45:04.484  INFO 4476 --- [main] o.s.b.w.embedded.tomcat.TomcatWebServer  : Tomcat started on port(s): 8099 (https) with context path ''
2023-05-14 20:45:04.492  INFO 4476 --- [main] com.example.demo.DemoApplication         : Started DemoApplication in 2.22 seconds (JVM running for 2.657)
2023-05-14 20:45:17.963  INFO 4476 --- [https-jsse-nio-8099-exec-8] o.a.c.c.C.[Tomcat].[localhost].[/]       : Initializing Spring DispatcherServlet 'dispatcherServlet'
2023-05-14 20:45:17.963  INFO 4476 --- [https-jsse-nio-8099-exec-8] o.s.web.servlet.DispatcherServlet        : Initializing Servlet 'dispatcherServlet'
2023-05-14 20:45:17.964  INFO 4476 --- [https-jsse-nio-8099-exec-8] o.s.web.servlet.DispatcherServlet        : Completed initialization in 1 ms
2023-05-14 20:45:17.968  INFO 4476 --- [https-jsse-nio-8099-exec-8] com.example.demo.config.CorsFilter       : GET --> https://localhost:8099/account/s
2023-05-14 20:45:17.988 ERROR 4476 --- [https-jsse-nio-8099-exec-8] c.e.demo.config.GlobalExceptionHandler   : TODO:兜底处理---Handler dispatch failed; nested exception is java.lang.NoClassDefFoundError: javax/xml/bind/DatatypeConverter

org.springframework.web.util.NestedServletException: Handler dispatch failed; nested exception is java.lang.NoClassDefFoundError: javax/xml/bind/DatatypeConverter
	at org.springframework.web.servlet.DispatcherServlet.doDispatch(DispatcherServlet.java:1087)
	at org.springframework.web.servlet.DispatcherServlet.doService(DispatcherServlet.java:965)
	at org.springframework.web.servlet.FrameworkServlet.processRequest(FrameworkServlet.java:1006)
	at org.springframework.web.servlet.FrameworkServlet.doGet(FrameworkServlet.java:898)
	at javax.servlet.http.HttpServlet.service(HttpServlet.java:502)
	at org.springframework.web.servlet.FrameworkServlet.service(FrameworkServlet.java:883)
	at javax.servlet.http.HttpServlet.service(HttpServlet.java:596)
	at org.apache.catalina.core.ApplicationFilterChain.internalDoFilter(ApplicationFilterChain.java:209)
	at org.apache.catalina.core.ApplicationFilterChain.doFilter(ApplicationFilterChain.java:153)
	at org.apache.tomcat.websocket.server.WsFilter.doFilter(WsFilter.java:53)
	at org.apache.catalina.core.ApplicationFilterChain.internalDoFilter(ApplicationFilterChain.java:178)
	at org.apache.catalina.core.ApplicationFilterChain.doFilter(ApplicationFilterChain.java:153)
	at com.example.demo.config.CorsFilter.doFilter(CorsFilter.java:30)
	at org.apache.catalina.core.ApplicationFilterChain.internalDoFilter(ApplicationFilterChain.java:178)
	at org.apache.catalina.core.ApplicationFilterChain.doFilter(ApplicationFilterChain.java:153)
	at org.springframework.web.filter.CharacterEncodingFilter.doFilterInternal(CharacterEncodingFilter.java:201)
	at org.springframework.web.filter.OncePerRequestFilter.doFilter(OncePerRequestFilter.java:117)
	at org.apache.catalina.core.ApplicationFilterChain.internalDoFilter(ApplicationFilterChain.java:178)
	at org.apache.catalina.core.ApplicationFilterChain.doFilter(ApplicationFilterChain.java:153)
	at org.apache.catalina.core.StandardWrapperValve.invoke(StandardWrapperValve.java:167)
	at org.apache.catalina.core.StandardContextValve.invoke(StandardContextValve.java:90)
	at org.apache.catalina.authenticator.AuthenticatorBase.invoke(AuthenticatorBase.java:492)
	at org.apache.catalina.core.StandardHostValve.invoke(StandardHostValve.java:130)
	at org.apache.catalina.valves.ErrorReportValve.invoke(ErrorReportValve.java:93)
	at org.apache.catalina.core.StandardEngineValve.invoke(StandardEngineValve.java:74)
	at org.apache.catalina.connector.CoyoteAdapter.service(CoyoteAdapter.java:343)
	at org.apache.coyote.http11.Http11Processor.service(Http11Processor.java:389)
	at org.apache.coyote.AbstractProcessorLight.process(AbstractProcessorLight.java:63)
	at org.apache.coyote.AbstractProtocol$ConnectionHandler.process(AbstractProtocol.java:926)
	at org.apache.tomcat.util.net.NioEndpoint$SocketProcessor.doRun(NioEndpoint.java:1791)
	at org.apache.tomcat.util.net.SocketProcessorBase.run(SocketProcessorBase.java:49)
	at org.apache.tomcat.util.threads.ThreadPoolExecutor.runWorker(ThreadPoolExecutor.java:1191)
	at org.apache.tomcat.util.threads.ThreadPoolExecutor$Worker.run(ThreadPoolExecutor.java:659)
	at org.apache.tomcat.util.threads.TaskThread$WrappingRunnable.run(TaskThread.java:61)
	at java.base/java.lang.Thread.run(Thread.java:833)
Caused by: java.lang.NoClassDefFoundError: javax/xml/bind/DatatypeConverter
	at io.jsonwebtoken.impl.Base64Codec.decode(Base64Codec.java:26)
	at io.jsonwebtoken.impl.DefaultJwtParser.setSigningKey(DefaultJwtParser.java:151)
	at com.example.demo.infrastructure.tool.TokenTool.verifyToken(TokenTool.java:42)
	at com.example.demo.config.interceptor.TokenInterceptor.verifyToken(TokenInterceptor.java:27)
	at com.example.demo.config.interceptor.TokenInterceptor.preHandle(TokenInterceptor.java:22)
	at org.springframework.web.servlet.HandlerExecutionChain.applyPreHandle(HandlerExecutionChain.java:148)
	at org.springframework.web.servlet.DispatcherServlet.doDispatch(DispatcherServlet.java:1067)
	... 34 common frames omitted
Caused by: java.lang.ClassNotFoundException: javax.xml.bind.DatatypeConverter
	at java.base/jdk.internal.loader.BuiltinClassLoader.loadClass(BuiltinClassLoader.java:641)
	at java.base/jdk.internal.loader.ClassLoaders$AppClassLoader.loadClass(ClassLoaders.java:188)
	at java.base/java.lang.ClassLoader.loadClass(ClassLoader.java:520)
	... 41 common frames omitted

2023-05-14 20:45:28.958  INFO 10608 --- [background-preinit] o.h.validator.internal.util.Version      : HV000001: Hibernate Validator 6.2.5.Final
2023-05-14 20:45:28.972  INFO 10608 --- [main] com.example.demo.DemoApplication         : Starting DemoApplication using Java 17.0.6 on DESKTOP-C75J6RI with PID 10608 (F:\code\rate_limiter\target\classes started by d in F:\code\rate_limiter)
2023-05-14 20:45:28.973  INFO 10608 --- [main] com.example.demo.DemoApplication         : The following 2 profiles are active: "db", "redis"
2023-05-14 20:45:29.404  INFO 10608 --- [main] .s.d.r.c.RepositoryConfigurationDelegate : Multiple Spring Data modules found, entering strict repository configuration mode
2023-05-14 20:45:29.406  INFO 10608 --- [main] .s.d.r.c.RepositoryConfigurationDelegate : Bootstrapping Spring Data Redis repositories in DEFAULT mode.
2023-05-14 20:45:29.429  INFO 10608 --- [main] .s.d.r.c.RepositoryConfigurationDelegate : Finished Spring Data repository scanning in 9 ms. Found 0 Redis repository interfaces.
2023-05-14 20:45:29.919  INFO 10608 --- [main] o.s.b.w.embedded.tomcat.TomcatWebServer  : Tomcat initialized with port(s): 8099 (https)
2023-05-14 20:45:29.925  INFO 10608 --- [main] o.a.coyote.http11.Http11NioProtocol      : Initializing ProtocolHandler ["https-jsse-nio-8099"]
2023-05-14 20:45:29.926  INFO 10608 --- [main] o.apache.catalina.core.StandardService   : Starting service [Tomcat]
2023-05-14 20:45:29.926  INFO 10608 --- [main] org.apache.catalina.core.StandardEngine  : Starting Servlet engine: [Apache Tomcat/9.0.73]
2023-05-14 20:45:29.992  INFO 10608 --- [main] o.a.c.c.C.[Tomcat].[localhost].[/]       : Initializing Spring embedded WebApplicationContext
2023-05-14 20:45:29.992  INFO 10608 --- [main] w.s.c.ServletWebServerApplicationContext : Root WebApplicationContext: initialization completed in 979 ms
2023-05-14 20:45:30.658  INFO 10608 --- [main] o.a.coyote.http11.Http11NioProtocol      : Starting ProtocolHandler ["https-jsse-nio-8099"]
2023-05-14 20:45:30.854  INFO 10608 --- [main] o.a.t.util.net.NioEndpoint.certificate   : Connector [https-jsse-nio-8099], TLS virtual host [_default_], certificate type [UNDEFINED] configured from [file:/F:/code/rate_limiter/target/classes/server.keystore] using alias [tomcat] and with trust store [null]
2023-05-14 20:45:30.866  INFO 10608 --- [main] o.s.b.w.embedded.tomcat.TomcatWebServer  : Tomcat started on port(s): 8099 (https) with context path ''
2023-05-14 20:45:30.875  INFO 10608 --- [main] com.example.demo.DemoApplication         : Started DemoApplication in 2.244 seconds (JVM running for 2.676)
2023-05-14 20:45:32.463  INFO 10608 --- [https-jsse-nio-8099-exec-3] o.a.c.c.C.[Tomcat].[localhost].[/]       : Initializing Spring DispatcherServlet 'dispatcherServlet'
2023-05-14 20:45:32.463  INFO 10608 --- [https-jsse-nio-8099-exec-3] o.s.web.servlet.DispatcherServlet        : Initializing Servlet 'dispatcherServlet'
2023-05-14 20:45:32.464  INFO 10608 --- [https-jsse-nio-8099-exec-3] o.s.web.servlet.DispatcherServlet        : Completed initialization in 0 ms
2023-05-14 20:45:32.467  INFO 10608 --- [https-jsse-nio-8099-exec-3] com.example.demo.config.CorsFilter       : GET --> https://localhost:8099/account/s
2023-05-14 20:45:32.487 ERROR 10608 --- [https-jsse-nio-8099-exec-3] c.e.demo.config.GlobalExceptionHandler   : TODO:兜底处理---Handler dispatch failed; nested exception is java.lang.NoClassDefFoundError: javax/xml/bind/DatatypeConverter

org.springframework.web.util.NestedServletException: Handler dispatch failed; nested exception is java.lang.NoClassDefFoundError: javax/xml/bind/DatatypeConverter
	at org.springframework.web.servlet.DispatcherServlet.doDispatch(DispatcherServlet.java:1087)
	at org.springframework.web.servlet.DispatcherServlet.doService(DispatcherServlet.java:965)
	at org.springframework.web.servlet.FrameworkServlet.processRequest(FrameworkServlet.java:1006)
	at org.springframework.web.servlet.FrameworkServlet.doGet(FrameworkServlet.java:898)
	at javax.servlet.http.HttpServlet.service(HttpServlet.java:502)
	at org.springframework.web.servlet.FrameworkServlet.service(FrameworkServlet.java:883)
	at javax.servlet.http.HttpServlet.service(HttpServlet.java:596)
	at org.apache.catalina.core.ApplicationFilterChain.internalDoFilter(ApplicationFilterChain.java:209)
	at org.apache.catalina.core.ApplicationFilterChain.doFilter(ApplicationFilterChain.java:153)
	at org.apache.tomcat.websocket.server.WsFilter.doFilter(WsFilter.java:53)
	at org.apache.catalina.core.ApplicationFilterChain.internalDoFilter(ApplicationFilterChain.java:178)
	at org.apache.catalina.core.ApplicationFilterChain.doFilter(ApplicationFilterChain.java:153)
	at com.example.demo.config.CorsFilter.doFilter(CorsFilter.java:30)
	at org.apache.catalina.core.ApplicationFilterChain.internalDoFilter(ApplicationFilterChain.java:178)
	at org.apache.catalina.core.ApplicationFilterChain.doFilter(ApplicationFilterChain.java:153)
	at org.springframework.web.filter.CharacterEncodingFilter.doFilterInternal(CharacterEncodingFilter.java:201)
	at org.springframework.web.filter.OncePerRequestFilter.doFilter(OncePerRequestFilter.java:117)
	at org.apache.catalina.core.ApplicationFilterChain.internalDoFilter(ApplicationFilterChain.java:178)
	at org.apache.catalina.core.ApplicationFilterChain.doFilter(ApplicationFilterChain.java:153)
	at org.apache.catalina.core.StandardWrapperValve.invoke(StandardWrapperValve.java:167)
	at org.apache.catalina.core.StandardContextValve.invoke(StandardContextValve.java:90)
	at org.apache.catalina.authenticator.AuthenticatorBase.invoke(AuthenticatorBase.java:492)
	at org.apache.catalina.core.StandardHostValve.invoke(StandardHostValve.java:130)
	at org.apache.catalina.valves.ErrorReportValve.invoke(ErrorReportValve.java:93)
	at org.apache.catalina.core.StandardEngineValve.invoke(StandardEngineValve.java:74)
	at org.apache.catalina.connector.CoyoteAdapter.service(CoyoteAdapter.java:343)
	at org.apache.coyote.http11.Http11Processor.service(Http11Processor.java:389)
	at org.apache.coyote.AbstractProcessorLight.process(AbstractProcessorLight.java:63)
	at org.apache.coyote.AbstractProtocol$ConnectionHandler.process(AbstractProtocol.java:926)
	at org.apache.tomcat.util.net.NioEndpoint$SocketProcessor.doRun(NioEndpoint.java:1791)
	at org.apache.tomcat.util.net.SocketProcessorBase.run(SocketProcessorBase.java:49)
	at org.apache.tomcat.util.threads.ThreadPoolExecutor.runWorker(ThreadPoolExecutor.java:1191)
	at org.apache.tomcat.util.threads.ThreadPoolExecutor$Worker.run(ThreadPoolExecutor.java:659)
	at org.apache.tomcat.util.threads.TaskThread$WrappingRunnable.run(TaskThread.java:61)
	at java.base/java.lang.Thread.run(Thread.java:833)
Caused by: java.lang.NoClassDefFoundError: javax/xml/bind/DatatypeConverter
	at io.jsonwebtoken.impl.Base64Codec.decode(Base64Codec.java:26)
	at io.jsonwebtoken.impl.DefaultJwtParser.setSigningKey(DefaultJwtParser.java:151)
	at com.example.demo.infrastructure.tool.TokenTool.verifyToken(TokenTool.java:42)
	at com.example.demo.config.interceptor.TokenInterceptor.verifyToken(TokenInterceptor.java:27)
	at com.example.demo.config.interceptor.TokenInterceptor.preHandle(TokenInterceptor.java:22)
	at org.springframework.web.servlet.HandlerExecutionChain.applyPreHandle(HandlerExecutionChain.java:148)
	at org.springframework.web.servlet.DispatcherServlet.doDispatch(DispatcherServlet.java:1067)
	... 34 common frames omitted
Caused by: java.lang.ClassNotFoundException: javax.xml.bind.DatatypeConverter
	at java.base/jdk.internal.loader.BuiltinClassLoader.loadClass(BuiltinClassLoader.java:641)
	at java.base/jdk.internal.loader.ClassLoaders$AppClassLoader.loadClass(ClassLoaders.java:188)
	at java.base/java.lang.ClassLoader.loadClass(ClassLoader.java:520)
	... 41 common frames omitted

2023-05-14 20:46:05.734  INFO 19604 --- [background-preinit] o.h.validator.internal.util.Version      : HV000001: Hibernate Validator 6.2.5.Final
2023-05-14 20:46:05.753  INFO 19604 --- [main] com.example.demo.DemoApplication         : Starting DemoApplication using Java 17.0.6 on DESKTOP-C75J6RI with PID 19604 (F:\code\rate_limiter\target\classes started by d in F:\code\rate_limiter)
2023-05-14 20:46:05.754  INFO 19604 --- [main] com.example.demo.DemoApplication         : The following 2 profiles are active: "db", "redis"
2023-05-14 20:46:06.181  INFO 19604 --- [main] .s.d.r.c.RepositoryConfigurationDelegate : Multiple Spring Data modules found, entering strict repository configuration mode
2023-05-14 20:46:06.183  INFO 19604 --- [main] .s.d.r.c.RepositoryConfigurationDelegate : Bootstrapping Spring Data Redis repositories in DEFAULT mode.
2023-05-14 20:46:06.207  INFO 19604 --- [main] .s.d.r.c.RepositoryConfigurationDelegate : Finished Spring Data repository scanning in 8 ms. Found 0 Redis repository interfaces.
2023-05-14 20:46:06.711  INFO 19604 --- [main] o.s.b.w.embedded.tomcat.TomcatWebServer  : Tomcat initialized with port(s): 8099 (https)
2023-05-14 20:46:06.718  INFO 19604 --- [main] o.a.coyote.http11.Http11NioProtocol      : Initializing ProtocolHandler ["https-jsse-nio-8099"]
2023-05-14 20:46:06.718  INFO 19604 --- [main] o.apache.catalina.core.StandardService   : Starting service [Tomcat]
2023-05-14 20:46:06.718  INFO 19604 --- [main] org.apache.catalina.core.StandardEngine  : Starting Servlet engine: [Apache Tomcat/9.0.73]
2023-05-14 20:46:06.784  INFO 19604 --- [main] o.a.c.c.C.[Tomcat].[localhost].[/]       : Initializing Spring embedded WebApplicationContext
2023-05-14 20:46:06.784  INFO 19604 --- [main] w.s.c.ServletWebServerApplicationContext : Root WebApplicationContext: initialization completed in 991 ms
2023-05-14 20:46:07.487  INFO 19604 --- [main] o.a.coyote.http11.Http11NioProtocol      : Starting ProtocolHandler ["https-jsse-nio-8099"]
2023-05-14 20:46:07.683  INFO 19604 --- [main] o.a.t.util.net.NioEndpoint.certificate   : Connector [https-jsse-nio-8099], TLS virtual host [_default_], certificate type [UNDEFINED] configured from [file:/F:/code/rate_limiter/target/classes/server.keystore] using alias [tomcat] and with trust store [null]
2023-05-14 20:46:07.696  INFO 19604 --- [main] o.s.b.w.embedded.tomcat.TomcatWebServer  : Tomcat started on port(s): 8099 (https) with context path ''
2023-05-14 20:46:07.705  INFO 19604 --- [main] com.example.demo.DemoApplication         : Started DemoApplication in 2.297 seconds (JVM running for 2.735)
2023-05-14 20:46:08.272  INFO 19604 --- [https-jsse-nio-8099-exec-3] o.a.c.c.C.[Tomcat].[localhost].[/]       : Initializing Spring DispatcherServlet 'dispatcherServlet'
2023-05-14 20:46:08.272  INFO 19604 --- [https-jsse-nio-8099-exec-3] o.s.web.servlet.DispatcherServlet        : Initializing Servlet 'dispatcherServlet'
2023-05-14 20:46:08.273  INFO 19604 --- [https-jsse-nio-8099-exec-3] o.s.web.servlet.DispatcherServlet        : Completed initialization in 1 ms
2023-05-14 20:46:08.275  INFO 19604 --- [https-jsse-nio-8099-exec-3] com.example.demo.config.CorsFilter       : GET --> https://localhost:8099/account/s
